Arguments: 
  /usr/bin/node /usr/bin/yarn add @react-navigation/native

PATH: 
  /usr/local/sbin:/usr/local/bin:/usr/sbin:/usr/bin:/sbin:/bin:/usr/games:/usr/local/games:/snap/bin:/home/grace/Android/Sdk/emulator:/home/grace/Android/Sdk/tools:/home/grace/Android/Sdk/tools/bin:/home/grace/Android/Sdk/platform-tools:/home/grace/.yarn/bin:/home/grace/.config/composer/vendor/bin:/home/grace/Android/Sdk/emulator:/home/grace/Android/Sdk/tools:/home/grace/Android/Sdk/tools/bin:/home/grace/Android/Sdk/platform-tools:/home/grace/.yarn/bin:/home/grace/.config/composer/vendor/bin

Yarn version: 
  1.22.10

Node version: 
  12.19.0

Platform: 
  linux x64

Trace: 
  Error: getaddrinfo EAI_AGAIN registry.yarnpkg.com
      at GetAddrInfoReqWrap.onlookup [as oncomplete] (dns.js:66:26)

npm manifest: 
  {
    "main": "node_modules/expo/AppEntry.js",
    "scripts": {
      "start": "expo start",
      "android": "expo start --android",
      "ios": "expo start --ios",
      "web": "expo start --web",
      "eject": "expo eject"
    },
    "dependencies": {
      "expo": "~39.0.2",
      "expo-status-bar": "~1.0.2",
      "react": "16.13.1",
      "react-dom": "16.13.1",
      "react-native": "https://github.com/expo/react-native/archive/sdk-39.0.4.tar.gz",
      "react-native-web": "~0.13.12"
    },
    "devDependencies": {
      "@babel/core": "~7.9.0"
    },
    "private": true
  }

yarn manifest: 
  No manifest

Lockfile: 
  No lockfile
